

Version:	3.12
CmdLine:	C:\MyTemp\ohj2\ht\wt.exe --l4j-debug
WOW64:		yes
Working dir:	C:\MyTemp\ohj2\ht\.
Java min ver:	1.007.000
Java max ver:	
64-bit search:	SOFTWARE\JavaSoft\Java Runtime Environment...
Check:		SOFTWARE\JavaSoft\Java Runtime Environment\1.8
Check launcher:	C:\Program Files\Java\jre1.8.0_221\bin\javaw.exe (OK)
Match:		1.008.000
Check:		SOFTWARE\JavaSoft\Java Runtime Environment\1.8.0_221
Check launcher:	C:\Program Files\Java\jre1.8.0_221\bin\javaw.exe (OK)
Match:		1.008.000_221
64-bit search:	SOFTWARE\JavaSoft\Java Development Kit...
64-bit search:	SOFTWARE\JavaSoft\JRE...
64-bit search:	SOFTWARE\JavaSoft\JDK...
Runtime used:	1.008.000_221 (64-bit)
Heap -Xms:	Requested 100 MB / 0%, Available: 4067 MB, Heap size: 100 MB
Heap -Xmx:	Requested 100 MB / 0%, Available: 4067 MB, Heap size: 100 MB
Main class:	ht.wt
Info:		Classpath not defined.
Launcher:	C:\Program Files\Java\jre1.8.0_221\bin\javaw.exe
Launcher args:	-Xms100m -Xmx100m -classpath "C:\MyTemp\ohj2\ht\wt.exe" ht.wt
Args length:	61/32768 chars
Exit code:	0


Version:	3.12
CmdLine:	C:\MyTemp\ohj2\ht\wt.exe --l4j-debug
WOW64:		yes
Working dir:	C:\MyTemp\ohj2\ht\.
Java min ver:	1.007.000
Java max ver:	
64-bit search:	SOFTWARE\JavaSoft\Java Runtime Environment...
Check:		SOFTWARE\JavaSoft\Java Runtime Environment\1.8
Check launcher:	C:\Program Files\Java\jre1.8.0_221\bin\javaw.exe (OK)
Match:		1.008.000
Check:		SOFTWARE\JavaSoft\Java Runtime Environment\1.8.0_221
Check launcher:	C:\Program Files\Java\jre1.8.0_221\bin\javaw.exe (OK)
Match:		1.008.000_221
64-bit search:	SOFTWARE\JavaSoft\Java Development Kit...
64-bit search:	SOFTWARE\JavaSoft\JRE...
64-bit search:	SOFTWARE\JavaSoft\JDK...
Runtime used:	1.008.000_221 (64-bit)
Heap -Xms:	Requested 100 MB / 0%, Available: 4068 MB, Heap size: 100 MB
Heap -Xmx:	Requested 100 MB / 0%, Available: 4068 MB, Heap size: 100 MB
Main class:	Main.java
Info:		Classpath not defined.
Launcher:	C:\Program Files\Java\jre1.8.0_221\bin\javaw.exe
Launcher args:	-Xms100m -Xmx100m -classpath "C:\MyTemp\ohj2\ht\wt.exe" Main.java
Args length:	65/32768 chars
Exit code:	0


Version:	3.12
CmdLine:	C:\MyTemp\ohj2\ht\wt.exe --l4j-debug
WOW64:		yes
Working dir:	C:\MyTemp\ohj2\ht\.
Java min ver:	1.007.000
Java max ver:	
64-bit search:	SOFTWARE\JavaSoft\Java Runtime Environment...
Check:		SOFTWARE\JavaSoft\Java Runtime Environment\1.8
Check launcher:	C:\Program Files\Java\jre1.8.0_221\bin\javaw.exe (OK)
Match:		1.008.000
Check:		SOFTWARE\JavaSoft\Java Runtime Environment\1.8.0_221
Check launcher:	C:\Program Files\Java\jre1.8.0_221\bin\javaw.exe (OK)
Match:		1.008.000_221
64-bit search:	SOFTWARE\JavaSoft\Java Development Kit...
64-bit search:	SOFTWARE\JavaSoft\JRE...
64-bit search:	SOFTWARE\JavaSoft\JDK...
Runtime used:	1.008.000_221 (64-bit)
Heap -Xms:	Requested 100 MB / 0%, Available: 4067 MB, Heap size: 100 MB
Heap -Xmx:	Requested 100 MB / 0%, Available: 4067 MB, Heap size: 100 MB
Launcher:	C:\Program Files\Java\jre1.8.0_221\bin\javaw.exe
Launcher args:	-Xms100m -Xmx100m -jar "C:\MyTemp\ohj2\ht\wt.exe"
Args length:	49/32768 chars
Exit code:	0


Version:	3.12
CmdLine:	C:\MyTemp\ohj2\ht\wt.exe --l4j-debug
WOW64:		yes
Working dir:	C:\MyTemp\ohj2\ht\.
Java min ver:	1.008.000
Java max ver:	
64-bit search:	SOFTWARE\JavaSoft\Java Runtime Environment...
Check:		SOFTWARE\JavaSoft\Java Runtime Environment\1.8
Check launcher:	C:\Program Files\Java\jre1.8.0_221\bin\javaw.exe (OK)
Match:		1.008.000
Check:		SOFTWARE\JavaSoft\Java Runtime Environment\1.8.0_221
Check launcher:	C:\Program Files\Java\jre1.8.0_221\bin\javaw.exe (OK)
Match:		1.008.000_221
64-bit search:	SOFTWARE\JavaSoft\Java Development Kit...
64-bit search:	SOFTWARE\JavaSoft\JRE...
64-bit search:	SOFTWARE\JavaSoft\JDK...
Runtime used:	1.008.000_221 (64-bit)
Main class:	FXht.Main
Add classpath:	.
Launcher:	C:\Program Files\Java\jre1.8.0_221\bin\javaw.exe
Launcher args:	-classpath "C:\MyTemp\ohj2\ht\wt.exe;." FXht.Main
Args length:	49/32768 chars
Exit code:	0


Version:	3.12
CmdLine:	C:\MyTemp\ohj2\ht\wt.exe --l4j-debug
WOW64:		yes
Working dir:	C:\MyTemp\ohj2\ht\.
Java min ver:	1.008.000
Java max ver:	
64-bit search:	SOFTWARE\JavaSoft\Java Runtime Environment...
Check:		SOFTWARE\JavaSoft\Java Runtime Environment\1.8
Check launcher:	C:\Program Files\Java\jre1.8.0_221\bin\javaw.exe (OK)
Match:		1.008.000
Check:		SOFTWARE\JavaSoft\Java Runtime Environment\1.8.0_221
Check launcher:	C:\Program Files\Java\jre1.8.0_221\bin\javaw.exe (OK)
Match:		1.008.000_221
64-bit search:	SOFTWARE\JavaSoft\Java Development Kit...
64-bit search:	SOFTWARE\JavaSoft\JRE...
64-bit search:	SOFTWARE\JavaSoft\JDK...
Runtime used:	1.008.000_221 (64-bit)
Main class:	FXht.Main
Add classpath:	.\wt_lib\
Launcher:	C:\Program Files\Java\jre1.8.0_221\bin\javaw.exe
Launcher args:	-classpath "C:\MyTemp\ohj2\ht\wt.exe;.\wt_lib\" FXht.Main
Args length:	57/32768 chars
Exit code:	0


Version:	3.12
CmdLine:	C:\MyTemp\ohj2\ht\wt.exe --l4j-debug
WOW64:		yes
Working dir:	C:\MyTemp\ohj2\ht\.
Java min ver:	1.008.000_221
Java max ver:	
64-bit search:	SOFTWARE\JavaSoft\Java Development Kit...
32-bit search:	SOFTWARE\JavaSoft\Java Development Kit...
64-bit search:	SOFTWARE\JavaSoft\Java Runtime Environment...
Check:		SOFTWARE\JavaSoft\Java Runtime Environment\1.8
Ignore:		1.008.000
Check:		SOFTWARE\JavaSoft\Java Runtime Environment\1.8.0_221
Check launcher:	C:\Program Files\Java\jre1.8.0_221\bin\javaw.exe (OK)
Match:		1.008.000_221
64-bit search:	SOFTWARE\JavaSoft\JDK...
64-bit search:	SOFTWARE\JavaSoft\JRE...
Runtime used:	1.008.000_221 (64-bit)
Main class:	FXht.Main
Add classpath:	.
Launcher:	C:\Program Files\Java\jre1.8.0_221\bin\javaw.exe
Launcher args:	-classpath "C:\MyTemp\ohj2\ht\wt.exe;." FXht.Main
Args length:	49/32768 chars
Exit code:	0


Version:	3.12
CmdLine:	C:\MyTemp\ohj2\ht\wt.exe --l4j-debug
WOW64:		yes
Working dir:	C:\MyTemp\ohj2\ht\.
Java min ver:	1.008.000_221
Java max ver:	
64-bit search:	SOFTWARE\JavaSoft\Java Runtime Environment...
Check:		SOFTWARE\JavaSoft\Java Runtime Environment\1.8
Ignore:		1.008.000
Check:		SOFTWARE\JavaSoft\Java Runtime Environment\1.8.0_221
Check launcher:	C:\Program Files\Java\jre1.8.0_221\bin\javaw.exe (OK)
Match:		1.008.000_221
64-bit search:	SOFTWARE\JavaSoft\JRE...
Runtime used:	1.008.000_221 (64-bit)
Main class:	FXht.Main
Add classpath:	.
Launcher:	C:\Program Files\Java\jre1.8.0_221\bin\javaw.exe
Launcher args:	-classpath "C:\MyTemp\ohj2\ht\wt.exe;." FXht.Main
Args length:	49/32768 chars
Exit code:	0


Version:	3.12
CmdLine:	C:\MyTemp\ohj2\ht\wt.exe --l4j-debug
WOW64:		yes
Working dir:	C:\MyTemp\ohj2\ht\.
Java min ver:	1.008.000_221
Java max ver:	
64-bit search:	SOFTWARE\JavaSoft\Java Development Kit...
32-bit search:	SOFTWARE\JavaSoft\Java Development Kit...
64-bit search:	SOFTWARE\JavaSoft\JDK...
32-bit search:	SOFTWARE\JavaSoft\JDK...
64-bit search:	SOFTWARE\IBM\Java Development Kit...
32-bit search:	SOFTWARE\IBM\Java Development Kit...
64-bit search:	SOFTWARE\IBM\Java Development Kit...
32-bit search:	SOFTWARE\IBM\Java Development Kit...
Error msg:	This application requires a Java Runtime Environment 1.8.0_221
Open URL:	http://java.com/download


Version:	3.12
CmdLine:	C:\MyTemp\ohj2\ht\wt.exe --l4j-debug
WOW64:		yes
Working dir:	C:\MyTemp\ohj2\ht\.
Java min ver:	1.008.000_221
Java max ver:	
64-bit search:	SOFTWARE\JavaSoft\Java Development Kit...
32-bit search:	SOFTWARE\JavaSoft\Java Development Kit...
64-bit search:	SOFTWARE\JavaSoft\Java Runtime Environment...
Check:		SOFTWARE\JavaSoft\Java Runtime Environment\1.8
Ignore:		1.008.000
Check:		SOFTWARE\JavaSoft\Java Runtime Environment\1.8.0_221
Check launcher:	C:\Program Files\Java\jre1.8.0_221\bin\javaw.exe (OK)
Match:		1.008.000_221
64-bit search:	SOFTWARE\JavaSoft\JDK...
64-bit search:	SOFTWARE\JavaSoft\JRE...
Runtime used:	1.008.000_221 (64-bit)
Main class:	FXht.Main
Add classpath:	.
Launcher:	C:\Program Files\Java\jre1.8.0_221\bin\javaw.exe
Launcher args:	-classpath "C:\MyTemp\ohj2\ht\wt.exe;." FXht.Main
Args length:	49/32768 chars
Exit code:	0


Version:	3.12
CmdLine:	C:\MyTemp\ohj2\ht\wt.exe --l4j-debug
WOW64:		yes
Working dir:	C:\MyTemp\ohj2\ht\.
Java min ver:	1.008.000_221
Java max ver:	
64-bit search:	SOFTWARE\JavaSoft\Java Runtime Environment...
Check:		SOFTWARE\JavaSoft\Java Runtime Environment\1.8
Ignore:		1.008.000
Check:		SOFTWARE\JavaSoft\Java Runtime Environment\1.8.0_221
Check launcher:	C:\Program Files\Java\jre1.8.0_221\bin\javaw.exe (OK)
Match:		1.008.000_221
64-bit search:	SOFTWARE\JavaSoft\Java Development Kit...
64-bit search:	SOFTWARE\JavaSoft\JRE...
64-bit search:	SOFTWARE\JavaSoft\JDK...
Runtime used:	1.008.000_221 (64-bit)
Main class:	FXht.Main
Add classpath:	.
Launcher:	C:\Program Files\Java\jre1.8.0_221\bin\javaw.exe
Launcher args:	-classpath "C:\MyTemp\ohj2\ht\wt.exe;." FXht.Main
Args length:	49/32768 chars
Exit code:	0


Version:	3.12
CmdLine:	C:\MyTemp\ohj2\ht\wt.exe --l4j-debug
WOW64:		yes
Working dir:	C:\MyTemp\ohj2\ht\.
Java min ver:	1.008.000_221
Java max ver:	
64-bit search:	SOFTWARE\JavaSoft\Java Runtime Environment...
Check:		SOFTWARE\JavaSoft\Java Runtime Environment\1.8
Ignore:		1.008.000
Check:		SOFTWARE\JavaSoft\Java Runtime Environment\1.8.0_221
Check launcher:	C:\Program Files\Java\jre1.8.0_221\bin\javaw.exe (OK)
Match:		1.008.000_221
64-bit search:	SOFTWARE\JavaSoft\Java Development Kit...
64-bit search:	SOFTWARE\JavaSoft\JRE...
64-bit search:	SOFTWARE\JavaSoft\JDK...
Runtime used:	1.008.000_221 (64-bit)
Main class:	FXht.Main
Add classpath:	.
Launcher:	C:\Program Files\Java\jre1.8.0_221\bin\javaw.exe
Launcher args:	-classpath "C:\MyTemp\ohj2\ht\wt.exe;." FXht.Main
Args length:	49/32768 chars
Exit code:	0


Version:	3.12
CmdLine:	C:\MyTemp\ohj2\ht\wt.exe --l4j-debug
WOW64:		yes
Working dir:	C:\MyTemp\ohj2\ht\.
Java min ver:	1.008.000_221
Java max ver:	
64-bit search:	SOFTWARE\JavaSoft\Java Runtime Environment...
Check:		SOFTWARE\JavaSoft\Java Runtime Environment\1.8
Ignore:		1.008.000
Check:		SOFTWARE\JavaSoft\Java Runtime Environment\1.8.0_221
Check launcher:	C:\Program Files\Java\jre1.8.0_221\bin\javaw.exe (OK)
Match:		1.008.000_221
64-bit search:	SOFTWARE\JavaSoft\Java Development Kit...
64-bit search:	SOFTWARE\JavaSoft\JRE...
64-bit search:	SOFTWARE\JavaSoft\JDK...
Runtime used:	1.008.000_221 (64-bit)
Main class:	FXht.Main
Add classpath:	.
Launcher:	C:\Program Files\Java\jre1.8.0_221\bin\javaw.exe
Launcher args:	-classpath "C:\MyTemp\ohj2\ht\wt.exe;." FXht.Main
Args length:	49/32768 chars
Exit code:	0


Version:	3.12
CmdLine:	C:\MyTemp\ohj2\ht\wt.exe --l4j-debug
WOW64:		yes
Working dir:	C:\MyTemp\ohj2\ht\.
Java min ver:	1.008.000_221
Java max ver:	
64-bit search:	SOFTWARE\JavaSoft\Java Runtime Environment...
Check:		SOFTWARE\JavaSoft\Java Runtime Environment\1.8
Ignore:		1.008.000
Check:		SOFTWARE\JavaSoft\Java Runtime Environment\1.8.0_221
Check launcher:	C:\Program Files\Java\jre1.8.0_221\bin\javaw.exe (OK)
Match:		1.008.000_221
64-bit search:	SOFTWARE\JavaSoft\Java Development Kit...
64-bit search:	SOFTWARE\JavaSoft\JRE...
64-bit search:	SOFTWARE\JavaSoft\JDK...
Runtime used:	1.008.000_221 (64-bit)
Main class:	FXht.Main
Add classpath:	.
Launcher:	C:\Program Files\Java\jre1.8.0_221\bin\javaw.exe
Launcher args:	-classpath "C:\MyTemp\ohj2\ht\wt.exe;." FXht.Main
Args length:	49/32768 chars
Exit code:	0
